<?xml version="1.0" encoding="UTF-8"?>
<testng-results skipped="0" failed="0" total="2" passed="2">
  <reporter-output>
  </reporter-output>
  <suite name="Suite" duration-ms="56964" started-at="2018-11-22T11:50:03Z" finished-at="2018-11-22T11:51:00Z">
    <groups>
    </groups>
    <test name="Test" duration-ms="56964" started-at="2018-11-22T11:50:03Z" finished-at="2018-11-22T11:51:00Z">
      <class name="TestCases.TestCases">
        <test-method status="PASS" signature="TC_002()[pri:0, instance:TestCases.TestCases@1ed1993a]" name="TC_002" duration-ms="36782" started-at="2018-11-22T17:20:03Z" finished-at="2018-11-22T17:20:40Z">
          <reporter-output>
          </reporter-output>
        </test-method> <!-- TC_002 -->
        <test-method status="PASS" signature="TC_003()[pri:0, instance:TestCases.TestCases@1ed1993a]" name="TC_003" duration-ms="19911" started-at="2018-11-22T17:20:40Z" finished-at="2018-11-22T17:21:00Z">
          <reporter-output>
          </reporter-output>
        </test-method> <!-- TC_003 -->
      </class> <!-- TestCases.TestCases -->
    </test> <!-- Test -->
  </suite> <!-- Suite -->
</testng-results>
