<?xml version="1.0" encoding="UTF-8"?>
<!-- Generated by org.testng.reporters.JUnitReportReporter -->
<testsuite hostname="SunTechServer" failures="0" tests="4" name="TestCases.TestCases" time="461.207" errors="0" timestamp="13 Dec 2018 15:53:43 GMT">
  <testcase classname="TestCases.TestCases" name="TC_003" time="136.174"/>
  <testcase classname="TestCases.TestCases" name="TC_001" time="94.916"/>
  <testcase classname="TestCases.TestCases" name="TC_002" time="55.601"/>
  <testcase classname="TestCases.TestCases" name="TC_004" time="174.516"/>
</testsuite> <!-- TestCases.TestCases -->
